# JRE version: Java(TM) SE Runtime Environment 18.9 (11.0.16.1+1) (build 11.0.16.1+1-LTS-1)
# Java VM: Java HotSpot(TM) 64-Bit Server VM 18.9 (11.0.16.1+1-LTS-1, mixed mode, tiered, compressed oops, g1 gc, windows-amd64)
Heap:
 garbage-first heap   total 258048K, used 152858K [0x0000000080000000, 0x0000000100000000)
  region size 1024K, 115 young (117760K), 9 survivors (9216K)
 Metaspace       used 65751K, capacity 67662K, committed 67920K, reserved 575488K
  class space    used 8662K, capacity 9446K, committed 9472K, reserved 516096K
GC Heap History (10 events):
Event: 50.039 GC heap before
{Heap before GC invocations=3 (full 0):
 garbage-first heap   total 258048K, used 82624K [0x0000000080000000, 0x0000000100000000)
  region size 1024K, 74 young (75776K), 11 survivors (11264K)
 Metaspace       used 27085K, capacity 27742K, committed 27824K, reserved 540672K
  class space    used 3536K, capacity 3805K, committed 3840K, reserved 516096K
}
Event: 50.054 GC heap after
{Heap after GC invocations=4 (full 0):
 garbage-first heap   total 258048K, used 21062K [0x0000000080000000, 0x0000000100000000)
  region size 1024K, 3 young (3072K), 3 survivors (3072K)
 Metaspace       used 27085K, capacity 27742K, committed 27824K, reserved 540672K
  class space    used 3536K, capacity 3805K, committed 3840K, reserved 516096K
}
Event: 58.326 GC heap before
{Heap before GC invocations=4 (full 0):
 garbage-first heap   total 258048K, used 80454K [0x0000000080000000, 0x0000000100000000)
  region size 1024K, 62 young (63488K), 3 survivors (3072K)
 Metaspace       used 34937K, capacity 35735K, committed 35888K, reserved 548864K
  class space    used 4525K, capacity 4877K, committed 4992K, reserved 516096K
}
Event: 58.336 GC heap after
{Heap after GC invocations=5 (full 0):
 garbage-first heap   total 258048K, used 23816K [0x0000000080000000, 0x0000000100000000)
  region size 1024K, 6 young (6144K), 6 survivors (6144K)
 Metaspace       used 34937K, capacity 35735K, committed 35888K, reserved 548864K
  class space    used 4525K, capacity 4877K, committed 4992K, reserved 516096K
}
Event: 152.113 GC heap before
{Heap before GC invocations=6 (full 0):
 garbage-first heap   total 258048K, used 131336K [0x0000000080000000, 0x0000000100000000)
  region size 1024K, 109 young (111616K), 6 survivors (6144K)
 Metaspace       used 42323K, capacity 43530K, committed 43824K, reserved 555008K
  class space    used 5439K, capacity 5928K, committed 6016K, reserved 516096K
}
Event: 152.130 GC heap after
{Heap after GC invocations=7 (full 0):
 garbage-first heap   total 258048K, used 30876K [0x0000000080000000, 0x0000000100000000)
  region size 1024K, 13 young (13312K), 13 survivors (13312K)
 Metaspace       used 42323K, capacity 43530K, committed 43824K, reserved 555008K
  class space    used 5439K, capacity 5928K, committed 6016K, reserved 516096K
}
Event: 181.585 GC heap before
{Heap before GC invocations=7 (full 0):
 garbage-first heap   total 258048K, used 155804K [0x0000000080000000, 0x0000000100000000)
  region size 1024K, 135 young (138240K), 13 survivors (13312K)
 Metaspace       used 51126K, capacity 52587K, committed 52784K, reserved 563200K
  class space    used 6661K, capacity 7281K, committed 7296K, reserved 516096K
}
Event: 181.704 GC heap after
{Heap after GC invocations=8 (full 0):
 garbage-first heap   total 258048K, used 34592K [0x0000000080000000, 0x0000000100000000)
  region size 1024K, 11 young (11264K), 11 survivors (11264K)
 Metaspace       used 51126K, capacity 52587K, committed 52784K, reserved 563200K
  class space    used 6661K, capacity 7281K, committed 7296K, reserved 516096K
}
Event: 198.007 GC heap before
{Heap before GC invocations=8 (full 0):
 garbage-first heap   total 258048K, used 120608K [0x0000000080000000, 0x0000000100000000)
  region size 1024K, 90 young (92160K), 11 survivors (11264K)
 Metaspace       used 58447K, capacity 60161K, committed 60240K, reserved 569344K
  class space    used 7684K, capacity 8429K, committed 8448K, reserved 516096K
}
Event: 198.034 GC heap after
{Heap after GC invocations=9 (full 0):
 garbage-first heap   total 258048K, used 45338K [0x0000000080000000, 0x0000000100000000)
  region size 1024K, 9 young (9216K), 9 survivors (9216K)
 Metaspace       used 58447K, capacity 60161K, committed 60240K, reserved 569344K
  class space    used 7684K, capacity 8429K, committed 8448K, reserved 516096K
}

